<?xml version="1.0" encoding="UTF-8"?>
<!-- Generated by org.testng.reporters.JUnitReportReporter -->
<testsuite hostname="DESKTOP-022O17B" failures="0" tests="1" name="testCases.FileUploadDemo2" time="10.901" errors="0" timestamp="2023-10-28T19:51:09 CEST" skipped="0">
  <testcase classname="testCases.FileUploadDemo2" name="robotTest" time="10.901"/>
  <system-out/>
</testsuite> <!-- testCases.FileUploadDemo2 -->
